[error] Failed to fetch Firebase Project from Studio Workspace because WORKSPACE_SLUG environment variable is empty
[error] Failed to fetch Firebase Project from Studio Workspace because WORKSPACE_SLUG environment variable is empty
[error] Failed to fetch Firebase Project from Studio Workspace because WORKSPACE_SLUG environment variable is empty
[error] Failed to fetch Firebase Project from Studio Workspace because WORKSPACE_SLUG environment variable is empty
[debug] [2025-12-29T21:19:04.577Z] > command requires scopes: ["email","openid","https://www.googleapis.com/auth/cloudplatformprojects.readonly","https://www.googleapis.com/auth/firebase","https://www.googleapis.com/auth/cloud-platform","https://www.googleapis.com/auth/userinfo.email"]
[debug] [2025-12-29T21:19:04.580Z] > command requires scopes: ["email","openid","https://www.googleapis.com/auth/cloudplatformprojects.readonly","https://www.googleapis.com/auth/firebase","https://www.googleapis.com/auth/cloud-platform","https://www.googleapis.com/auth/userinfo.email"]
[debug] [2025-12-29T21:19:26.157Z] Running auto auth
[debug] [2025-12-29T21:19:26.158Z] Running auto auth
[error] Failed to fetch Firebase Project from Studio Workspace because WORKSPACE_SLUG environment variable is empty
[error] Failed to fetch Firebase Project from Studio Workspace because WORKSPACE_SLUG environment variable is empty
[error] Failed to fetch Firebase Project from Studio Workspace because WORKSPACE_SLUG environment variable is empty
[debug] [2025-12-29T21:19:26.258Z] > command requires scopes: ["email","openid","https://www.googleapis.com/auth/cloudplatformprojects.readonly","https://www.googleapis.com/auth/firebase","https://www.googleapis.com/auth/cloud-platform","https://www.googleapis.com/auth/userinfo.email"]
[debug] [2025-12-29T21:19:26.259Z] > authorizing via signed-in user (calebliskey51@gmail.com)
[error] Failed to fetch Firebase Project from Studio Workspace because WORKSPACE_SLUG environment variable is empty
[debug] [2025-12-29T21:19:26.261Z] > command requires scopes: ["email","openid","https://www.googleapis.com/auth/cloudplatformprojects.readonly","https://www.googleapis.com/auth/firebase","https://www.googleapis.com/auth/cloud-platform","https://www.googleapis.com/auth/userinfo.email"]
[debug] [2025-12-29T21:19:26.261Z] > authorizing via signed-in user (calebliskey51@gmail.com)
[error] Failed to fetch Firebase Project from Studio Workspace because WORKSPACE_SLUG environment variable is empty
[error] Failed to fetch Firebase Project from Studio Workspace because WORKSPACE_SLUG environment variable is empty
[error] Failed to fetch Firebase Project from Studio Workspace because WORKSPACE_SLUG environment variable is empty
[debug] [2025-12-29T21:19:26.296Z] > command requires scopes: ["email","openid","https://www.googleapis.com/auth/cloudplatformprojects.readonly","https://www.googleapis.com/auth/firebase","https://www.googleapis.com/auth/cloud-platform","https://www.googleapis.com/auth/userinfo.email"]
[debug] [2025-12-29T21:19:26.296Z] > authorizing via signed-in user (calebliskey51@gmail.com)
[error] Failed to fetch Firebase Project from Studio Workspace because WORKSPACE_SLUG environment variable is empty
[debug] [2025-12-29T21:19:26.298Z] > command requires scopes: ["email","openid","https://www.googleapis.com/auth/cloudplatformprojects.readonly","https://www.googleapis.com/auth/firebase","https://www.googleapis.com/auth/cloud-platform","https://www.googleapis.com/auth/userinfo.email"]
[debug] [2025-12-29T21:19:26.298Z] > authorizing via signed-in user (calebliskey51@gmail.com)
[error] Failed to fetch Firebase Project from Studio Workspace because WORKSPACE_SLUG environment variable is empty
[error] Failed to fetch Firebase Project from Studio Workspace because WORKSPACE_SLUG environment variable is empty
[error] Failed to fetch Firebase Project from Studio Workspace because WORKSPACE_SLUG environment variable is empty
[debug] [2025-12-29T21:19:26.308Z] > command requires scopes: ["email","openid","https://www.googleapis.com/auth/cloudplatformprojects.readonly","https://www.googleapis.com/auth/firebase","https://www.googleapis.com/auth/cloud-platform","https://www.googleapis.com/auth/userinfo.email"]
[debug] [2025-12-29T21:19:26.308Z] > authorizing via signed-in user (calebliskey51@gmail.com)
[error] Failed to fetch Firebase Project from Studio Workspace because WORKSPACE_SLUG environment variable is empty
[debug] [2025-12-29T21:19:26.309Z] > command requires scopes: ["email","openid","https://www.googleapis.com/auth/cloudplatformprojects.readonly","https://www.googleapis.com/auth/firebase","https://www.googleapis.com/auth/cloud-platform","https://www.googleapis.com/auth/userinfo.email"]
[debug] [2025-12-29T21:19:26.309Z] > authorizing via signed-in user (calebliskey51@gmail.com)
[error] Failed to fetch Firebase Project from Studio Workspace because WORKSPACE_SLUG environment variable is empty
[error] Failed to fetch Firebase Project from Studio Workspace because WORKSPACE_SLUG environment variable is empty
[debug] [2025-12-29T22:12:12.499Z] > command requires scopes: ["email","openid","https://www.googleapis.com/auth/cloudplatformprojects.readonly","https://www.googleapis.com/auth/firebase","https://www.googleapis.com/auth/cloud-platform","https://www.googleapis.com/auth/userinfo.email"]
[debug] [2025-12-29T22:12:12.500Z] > authorizing via signed-in user (calebliskey51@gmail.com)
[error] Failed to fetch Firebase Project from Studio Workspace because WORKSPACE_SLUG environment variable is empty
[error] Failed to fetch Firebase Project from Studio Workspace because WORKSPACE_SLUG environment variable is empty
[debug] [2025-12-29T22:12:12.523Z] > command requires scopes: ["email","openid","https://www.googleapis.com/auth/cloudplatformprojects.readonly","https://www.googleapis.com/auth/firebase","https://www.googleapis.com/auth/cloud-platform","https://www.googleapis.com/auth/userinfo.email"]
[debug] [2025-12-29T22:12:12.523Z] > authorizing via signed-in user (calebliskey51@gmail.com)
[error] Failed to fetch Firebase Project from Studio Workspace because WORKSPACE_SLUG environment variable is empty
[error] Failed to fetch Firebase Project from Studio Workspace because WORKSPACE_SLUG environment variable is empty
[debug] [2025-12-29T22:12:27.682Z] > command requires scopes: ["email","openid","https://www.googleapis.com/auth/cloudplatformprojects.readonly","https://www.googleapis.com/auth/firebase","https://www.googleapis.com/auth/cloud-platform","https://www.googleapis.com/auth/userinfo.email"]
[debug] [2025-12-29T22:12:27.683Z] > authorizing via signed-in user (calebliskey51@gmail.com)
[error] Failed to fetch Firebase Project from Studio Workspace because WORKSPACE_SLUG environment variable is empty
[error] Failed to fetch Firebase Project from Studio Workspace because WORKSPACE_SLUG environment variable is empty
[debug] [2025-12-29T22:12:27.690Z] > command requires scopes: ["email","openid","https://www.googleapis.com/auth/cloudplatformprojects.readonly","https://www.googleapis.com/auth/firebase","https://www.googleapis.com/auth/cloud-platform","https://www.googleapis.com/auth/userinfo.email"]
[debug] [2025-12-29T22:12:27.691Z] > authorizing via signed-in user (calebliskey51@gmail.com)
[debug] [2025-12-29T22:12:27.701Z] No OAuth tokens found
[debug] [2025-12-29T22:12:27.707Z] >>> [apiv2][query] GET https://firebase.googleapis.com/v1beta1/projects pageSize=1000
[debug] [2025-12-29T22:12:28.182Z] <<< [apiv2][status] GET https://firebase.googleapis.com/v1beta1/projects 200
[debug] [2025-12-29T22:12:28.182Z] <<< [apiv2][body] GET https://firebase.googleapis.com/v1beta1/projects [omitted]
[error] Failed to fetch Firebase Project from Studio Workspace because WORKSPACE_SLUG environment variable is empty
[error] Failed to fetch Firebase Project from Studio Workspace because WORKSPACE_SLUG environment variable is empty
[debug] [2025-12-29T22:15:28.762Z] > command requires scopes: ["email","openid","https://www.googleapis.com/auth/cloudplatformprojects.readonly","https://www.googleapis.com/auth/firebase","https://www.googleapis.com/auth/cloud-platform","https://www.googleapis.com/auth/userinfo.email"]
[debug] [2025-12-29T22:15:28.762Z] > authorizing via signed-in user (calebliskey51@gmail.com)
[error] Failed to fetch Firebase Project from Studio Workspace because WORKSPACE_SLUG environment variable is empty
[error] Failed to fetch Firebase Project from Studio Workspace because WORKSPACE_SLUG environment variable is empty
[debug] [2025-12-29T22:15:28.765Z] > command requires scopes: ["email","openid","https://www.googleapis.com/auth/cloudplatformprojects.readonly","https://www.googleapis.com/auth/firebase","https://www.googleapis.com/auth/cloud-platform","https://www.googleapis.com/auth/userinfo.email"]
[debug] [2025-12-29T22:15:28.765Z] > authorizing via signed-in user (calebliskey51@gmail.com)
[debug] [2025-12-29T22:15:28.770Z] No OAuth tokens found
[debug] [2025-12-29T22:15:28.770Z] >>> [apiv2][query] GET https://serviceusage.googleapis.com/v1/projects/studio-1391357982-45c94/services/cloudresourcemanager.googleapis.com [none]
[debug] [2025-12-29T22:15:28.770Z] >>> [apiv2][(partial)header] GET https://serviceusage.googleapis.com/v1/projects/studio-1391357982-45c94/services/cloudresourcemanager.googleapis.com x-goog-quota-user=projects/studio-1391357982-45c94
[debug] [2025-12-29T22:15:29.142Z] <<< [apiv2][status] GET https://serviceusage.googleapis.com/v1/projects/studio-1391357982-45c94/services/cloudresourcemanager.googleapis.com 200
[debug] [2025-12-29T22:15:29.145Z] <<< [apiv2][body] GET https://serviceusage.googleapis.com/v1/projects/studio-1391357982-45c94/services/cloudresourcemanager.googleapis.com [omitted]
[debug] [2025-12-29T22:15:29.159Z] No OAuth tokens found
[debug] [2025-12-29T22:15:29.160Z] >>> [apiv2][query] GET https://cloudresourcemanager.googleapis.com/v1/projects/studio-1391357982-45c94 [none]
[debug] [2025-12-29T22:15:29.258Z] <<< [apiv2][status] GET https://cloudresourcemanager.googleapis.com/v1/projects/studio-1391357982-45c94 200
[debug] [2025-12-29T22:15:29.259Z] <<< [apiv2][body] GET https://cloudresourcemanager.googleapis.com/v1/projects/studio-1391357982-45c94 {"projectNumber":"1090552785459","projectId":"studio-1391357982-45c94","lifecycleState":"ACTIVE","name":"Firebase app","labels":{"firebase":"enabled","firebase-core":"disabled"},"createTime":"2025-10-03T22:43:46.732467Z"}
[info] Updating Studio Workspace active project to match Firebase CLI 'studio-1391357982-45c94'
[error] Failed to update Firebase Project for Studio Workspace because WORKSPACE_SLUG environment variable is empty
[info] Now using project studio-1391357982-45c94
[error] Failed to fetch Firebase Project from Studio Workspace because WORKSPACE_SLUG environment variable is empty
[error] Failed to fetch Firebase Project from Studio Workspace because WORKSPACE_SLUG environment variable is empty
[debug] [2025-12-29T22:15:50.365Z] > command requires scopes: ["email","openid","https://www.googleapis.com/auth/cloudplatformprojects.readonly","https://www.googleapis.com/auth/firebase","https://www.googleapis.com/auth/cloud-platform","https://www.googleapis.com/auth/userinfo.email"]
[debug] [2025-12-29T22:15:50.366Z] > authorizing via signed-in user (calebliskey51@gmail.com)
[debug] [2025-12-29T22:15:50.371Z] No OAuth tokens found
[debug] [2025-12-29T22:15:50.371Z] >>> [apiv2][query] GET https://cloudbilling.googleapis.com/v1/projects/studio-1391357982-45c94/billingInfo [none]
[debug] [2025-12-29T22:15:50.508Z] <<< [apiv2][status] GET https://cloudbilling.googleapis.com/v1/projects/studio-1391357982-45c94/billingInfo 200
[debug] [2025-12-29T22:15:50.508Z] <<< [apiv2][body] GET https://cloudbilling.googleapis.com/v1/projects/studio-1391357982-45c94/billingInfo {"name":"projects/studio-1391357982-45c94/billingInfo","projectId":"studio-1391357982-45c94","billingAccountName":"","billingEnabled":false}
[error] Failed to fetch Firebase Project from Studio Workspace because WORKSPACE_SLUG environment variable is empty
[error] Failed to fetch Firebase Project from Studio Workspace because WORKSPACE_SLUG environment variable is empty
[debug] [2025-12-29T22:15:50.511Z] > command requires scopes: ["email","openid","https://www.googleapis.com/auth/cloudplatformprojects.readonly","https://www.googleapis.com/auth/firebase","https://www.googleapis.com/auth/cloud-platform","https://www.googleapis.com/auth/userinfo.email"]
[debug] [2025-12-29T22:15:50.511Z] > authorizing via signed-in user (calebliskey51@gmail.com)
[debug] [2025-12-29T22:15:50.511Z] No OAuth tokens found
[debug] [2025-12-29T22:15:50.512Z] >>> [apiv2][query] GET https://cloudbilling.googleapis.com/v1/projects/studio-1391357982-45c94/billingInfo [none]
[debug] [2025-12-29T22:15:50.629Z] <<< [apiv2][status] GET https://cloudbilling.googleapis.com/v1/projects/studio-1391357982-45c94/billingInfo 200
[debug] [2025-12-29T22:15:50.629Z] <<< [apiv2][body] GET https://cloudbilling.googleapis.com/v1/projects/studio-1391357982-45c94/billingInfo {"name":"projects/studio-1391357982-45c94/billingInfo","projectId":"studio-1391357982-45c94","billingAccountName":"","billingEnabled":false}
[info] 
=== Hosting Setup Actuation
[debug] [2025-12-29T22:15:50.635Z] >>> [apiv2][query] GET https://www.gstatic.com/firebasejs/releases.json [none]
[debug] [2025-12-29T22:15:50.663Z] <<< [apiv2][status] GET https://www.gstatic.com/firebasejs/releases.json 200
[debug] [2025-12-29T22:15:50.664Z] <<< [apiv2][body] GET https://www.gstatic.com/firebasejs/releases.json {"current":{"version":"12.7.0","browserURL":"https://www.gstatic.com/firebasejs/12.7.0/firebase.js","packageURL":"https://www.gstatic.com/firebasejs/12.7.0/firebase.tgz"},"live":{"version":"12.7","browserURL":"https://www.gstatic.com/firebasejs/live/12.7/firebase.js","packageURL":"https://www.gstatic.com/firebasejs/live/12.7/firebase.tgz"},"components":{"ai":"https://www.gstatic.com/firebasejs/12.7.0/firebase-ai.js","analytics":"https://www.gstatic.com/firebasejs/12.7.0/firebase-analytics.js","app":"https://www.gstatic.com/firebasejs/12.7.0/firebase-app.js","app-check":"https://www.gstatic.com/firebasejs/12.7.0/firebase-app-check.js","auth":"https://www.gstatic.com/firebasejs/12.7.0/firebase-auth.js","auth/cordova":"https://www.gstatic.com/firebasejs/12.7.0/firebase-auth/cordova.js","auth/web-extension":"https://www.gstatic.com/firebasejs/12.7.0/firebase-auth/web-extension.js","functions":"https://www.gstatic.com/firebasejs/12.7.0/firebase-functions.js","firestore":"https://www.gstatic.com/firebasejs/12.7.0/firebase-firestore.js","firestore/lite":"https://www.gstatic.com/firebasejs/12.7.0/firebase-firestore/lite.js","installations":"https://www.gstatic.com/firebasejs/12.7.0/firebase-installations.js","storage":"https://www.gstatic.com/firebasejs/12.7.0/firebase-storage.js","performance":"https://www.gstatic.com/firebasejs/12.7.0/firebase-performance.js","remote-config":"https://www.gstatic.com/firebasejs/12.7.0/firebase-remote-config.js","messaging":"https://www.gstatic.com/firebasejs/12.7.0/firebase-messaging.js","messaging/sw":"https://www.gstatic.com/firebasejs/12.7.0/firebase-messaging/sw.js","database":"https://www.gstatic.com/firebasejs/12.7.0/firebase-database.js","data-connect":"https://www.gstatic.com/firebasejs/12.7.0/firebase-data-connect.js","firestore.memory":"https://www.gstatic.com/firebasejs/12.7.0/firebase-firestore.memory.js"}}
[info] ✔  Wrote ./index.html 
[info] ✔  Wrote configuration info to firebase.json 
[info] ✔  Wrote project information to .firebaserc 
[error] Failed to fetch Firebase Project from Studio Workspace because WORKSPACE_SLUG environment variable is empty
[error] Failed to fetch Firebase Project from Studio Workspace because WORKSPACE_SLUG environment variable is empty
[debug] [2025-12-29T22:17:19.734Z] > command requires scopes: ["email","openid","https://www.googleapis.com/auth/cloudplatformprojects.readonly","https://www.googleapis.com/auth/firebase","https://www.googleapis.com/auth/cloud-platform","https://www.googleapis.com/auth/userinfo.email"]
[debug] [2025-12-29T22:17:19.734Z] > authorizing via signed-in user (calebliskey51@gmail.com)
[debug] [2025-12-29T22:17:19.734Z] No OAuth tokens found
[debug] [2025-12-29T22:17:19.735Z] >>> [apiv2][query] GET https://cloudbilling.googleapis.com/v1/projects/studio-1391357982-45c94/billingInfo [none]
[debug] [2025-12-29T22:17:19.903Z] <<< [apiv2][status] GET https://cloudbilling.googleapis.com/v1/projects/studio-1391357982-45c94/billingInfo 200
[debug] [2025-12-29T22:17:19.903Z] <<< [apiv2][body] GET https://cloudbilling.googleapis.com/v1/projects/studio-1391357982-45c94/billingInfo {"name":"projects/studio-1391357982-45c94/billingInfo","projectId":"studio-1391357982-45c94","billingAccountName":"","billingEnabled":false}
[error] Failed to fetch Firebase Project from Studio Workspace because WORKSPACE_SLUG environment variable is empty
[error] Failed to fetch Firebase Project from Studio Workspace because WORKSPACE_SLUG environment variable is empty
[debug] [2025-12-29T22:17:19.909Z] > command requires scopes: ["email","openid","https://www.googleapis.com/auth/cloudplatformprojects.readonly","https://www.googleapis.com/auth/firebase","https://www.googleapis.com/auth/cloud-platform","https://www.googleapis.com/auth/userinfo.email"]
[debug] [2025-12-29T22:17:19.909Z] > authorizing via signed-in user (calebliskey51@gmail.com)
[debug] [2025-12-29T22:17:19.910Z] No OAuth tokens found
[debug] [2025-12-29T22:17:19.910Z] >>> [apiv2][query] GET https://cloudbilling.googleapis.com/v1/projects/studio-1391357982-45c94/billingInfo [none]
[debug] [2025-12-29T22:17:20.010Z] <<< [apiv2][status] GET https://cloudbilling.googleapis.com/v1/projects/studio-1391357982-45c94/billingInfo 200
[debug] [2025-12-29T22:17:20.011Z] <<< [apiv2][body] GET https://cloudbilling.googleapis.com/v1/projects/studio-1391357982-45c94/billingInfo {"name":"projects/studio-1391357982-45c94/billingInfo","projectId":"studio-1391357982-45c94","billingAccountName":"","billingEnabled":false}
[debug] [2025-12-29T22:17:20.012Z] No OAuth tokens found
[debug] [2025-12-29T22:17:20.013Z] >>> [apiv2][query] GET https://serviceusage.googleapis.com/v1/projects/tux-social-page/services/cloudresourcemanager.googleapis.com [none]
[debug] [2025-12-29T22:17:20.013Z] >>> [apiv2][(partial)header] GET https://serviceusage.googleapis.com/v1/projects/tux-social-page/services/cloudresourcemanager.googleapis.com x-goog-quota-user=projects/tux-social-page
[debug] [2025-12-29T22:17:20.345Z] <<< [apiv2][status] GET https://serviceusage.googleapis.com/v1/projects/tux-social-page/services/cloudresourcemanager.googleapis.com 403
[debug] [2025-12-29T22:17:20.346Z] <<< [apiv2][body] GET https://serviceusage.googleapis.com/v1/projects/tux-social-page/services/cloudresourcemanager.googleapis.com [omitted]
[debug] [2025-12-29T22:17:20.350Z] Unable to check that https://cloudresourcemanager.googleapis.com is enabled on tux-social-page. Calls to it will fail if it is not enabled
[debug] [2025-12-29T22:17:20.351Z] No OAuth tokens found
[debug] [2025-12-29T22:17:20.351Z] >>> [apiv2][query] GET https://cloudresourcemanager.googleapis.com/v1/projects/tux-social-page [none]
[debug] [2025-12-29T22:17:20.538Z] <<< [apiv2][status] GET https://cloudresourcemanager.googleapis.com/v1/projects/tux-social-page 403
[debug] [2025-12-29T22:17:20.539Z] <<< [apiv2][body] GET https://cloudresourcemanager.googleapis.com/v1/projects/tux-social-page {"error":{"code":403,"message":"The caller does not have permission","status":"PERMISSION_DENIED"}}
[debug] [2025-12-29T22:17:20.544Z] No OAuth tokens found
[debug] [2025-12-29T22:17:20.545Z] >>> [apiv2][query] POST https://cloudresourcemanager.googleapis.com/v1/projects [none]
[debug] [2025-12-29T22:17:20.545Z] >>> [apiv2][body] POST https://cloudresourcemanager.googleapis.com/v1/projects {"projectId":"tux-social-page","name":"tux-social-page"}
[debug] [2025-12-29T22:17:20.821Z] <<< [apiv2][status] POST https://cloudresourcemanager.googleapis.com/v1/projects 200
[debug] [2025-12-29T22:17:20.822Z] <<< [apiv2][body] POST https://cloudresourcemanager.googleapis.com/v1/projects {"name":"operations/create_project.global.6132976401558633037"}
[debug] [2025-12-29T22:17:20.824Z] No OAuth tokens found
[debug] [2025-12-29T22:17:20.825Z] >>> [apiv2][query] GET https://cloudresourcemanager.googleapis.com/v1/operations/create_project.global.6132976401558633037 [none]
[debug] [2025-12-29T22:17:20.958Z] <<< [apiv2][status] GET https://cloudresourcemanager.googleapis.com/v1/operations/create_project.global.6132976401558633037 200
[debug] [2025-12-29T22:17:20.960Z] <<< [apiv2][body] GET https://cloudresourcemanager.googleapis.com/v1/operations/create_project.global.6132976401558633037 {"name":"operations/create_project.global.6132976401558633037"}
[debug] [2025-12-29T22:17:21.466Z] [Project Creation Poller] Retrying task index 0
[debug] [2025-12-29T22:17:21.467Z] No OAuth tokens found
[debug] [2025-12-29T22:17:21.467Z] >>> [apiv2][query] GET https://cloudresourcemanager.googleapis.com/v1/operations/create_project.global.6132976401558633037 [none]
[debug] [2025-12-29T22:17:21.547Z] <<< [apiv2][status] GET https://cloudresourcemanager.googleapis.com/v1/operations/create_project.global.6132976401558633037 200
[debug] [2025-12-29T22:17:21.547Z] <<< [apiv2][body] GET https://cloudresourcemanager.googleapis.com/v1/operations/create_project.global.6132976401558633037 {"name":"operations/create_project.global.6132976401558633037","metadata":{"@type":"type.googleapis.com/google.cloudresourcemanager.v1.ProjectCreationStatus","ready":true},"done":true,"error":{"code":8,"message":"The project cannot be created because you have exceeded your allotted project quota.","details":[{"@type":"type.googleapis.com/google.rpc.QuotaFailure","violations":[{"description":"The project cannot be created because you have exceeded your allotted project quota."}]}]}}
[error] Failed to fetch Firebase Project from Studio Workspace because WORKSPACE_SLUG environment variable is empty
[error] Failed to fetch Firebase Project from Studio Workspace because WORKSPACE_SLUG environment variable is empty
[error] Failed to fetch Firebase Project from Studio Workspace because WORKSPACE_SLUG environment variable is empty
[error] Failed to fetch Firebase Project from Studio Workspace because WORKSPACE_SLUG environment variable is empty
[debug] [2025-12-29T22:35:10.564Z] > command requires scopes: ["email","openid","https://www.googleapis.com/auth/cloudplatformprojects.readonly","https://www.googleapis.com/auth/firebase","https://www.googleapis.com/auth/cloud-platform","https://www.googleapis.com/auth/userinfo.email"]
[debug] [2025-12-29T22:35:10.584Z] > command requires scopes: ["email","openid","https://www.googleapis.com/auth/cloudplatformprojects.readonly","https://www.googleapis.com/auth/firebase","https://www.googleapis.com/auth/cloud-platform","https://www.googleapis.com/auth/userinfo.email"]
[debug] [2025-12-29T22:35:20.077Z] No OAuth tokens found
[debug] [2025-12-29T22:35:20.078Z] No OAuth tokens found
[debug] [2025-12-29T22:35:20.079Z] > command requires scopes: ["email","openid","https://www.googleapis.com/auth/cloudplatformprojects.readonly","https://www.googleapis.com/auth/firebase","https://www.googleapis.com/auth/cloud-platform","https://www.googleapis.com/auth/userinfo.email"]
[debug] [2025-12-29T22:35:20.080Z] No OAuth tokens found
[debug] [2025-12-29T22:35:20.080Z] No OAuth tokens found
[debug] [2025-12-29T22:35:20.080Z] > command requires scopes: ["email","openid","https://www.googleapis.com/auth/cloudplatformprojects.readonly","https://www.googleapis.com/auth/firebase","https://www.googleapis.com/auth/cloud-platform","https://www.googleapis.com/auth/userinfo.email"]
[error] Failed to fetch Firebase Project from Studio Workspace because WORKSPACE_SLUG environment variable is empty
[error] Failed to fetch Firebase Project from Studio Workspace because WORKSPACE_SLUG environment variable is empty
[error] Failed to fetch Firebase Project from Studio Workspace because WORKSPACE_SLUG environment variable is empty
[error] Failed to fetch Firebase Project from Studio Workspace because WORKSPACE_SLUG environment variable is empty
[debug] [2025-12-29T23:16:01.577Z] > command requires scopes: ["email","openid","https://www.googleapis.com/auth/cloudplatformprojects.readonly","https://www.googleapis.com/auth/firebase","https://www.googleapis.com/auth/cloud-platform","https://www.googleapis.com/auth/userinfo.email"]
[debug] [2025-12-29T23:16:01.580Z] > command requires scopes: ["email","openid","https://www.googleapis.com/auth/cloudplatformprojects.readonly","https://www.googleapis.com/auth/firebase","https://www.googleapis.com/auth/cloud-platform","https://www.googleapis.com/auth/userinfo.email"]
[error] Failed to fetch Firebase Project from Studio Workspace because WORKSPACE_SLUG environment variable is empty
[error] Failed to fetch Firebase Project from Studio Workspace because WORKSPACE_SLUG environment variable is empty
[debug] [2025-12-29T23:16:08.531Z] > command requires scopes: ["email","openid","https://www.googleapis.com/auth/cloudplatformprojects.readonly","https://www.googleapis.com/auth/firebase","https://www.googleapis.com/auth/cloud-platform","https://www.googleapis.com/auth/userinfo.email"]
[error] Failed to fetch Firebase Project from Studio Workspace because WORKSPACE_SLUG environment variable is empty
[error] Failed to fetch Firebase Project from Studio Workspace because WORKSPACE_SLUG environment variable is empty
[debug] [2025-12-29T23:16:08.563Z] > command requires scopes: ["email","openid","https://www.googleapis.com/auth/cloudplatformprojects.readonly","https://www.googleapis.com/auth/firebase","https://www.googleapis.com/auth/cloud-platform","https://www.googleapis.com/auth/userinfo.email"]
[debug] [2025-12-29T23:16:15.214Z] No OAuth tokens found
[debug] [2025-12-29T23:16:15.222Z] No OAuth tokens found
[debug] [2025-12-29T23:16:15.223Z] > command requires scopes: ["email","openid","https://www.googleapis.com/auth/cloudplatformprojects.readonly","https://www.googleapis.com/auth/firebase","https://www.googleapis.com/auth/cloud-platform","https://www.googleapis.com/auth/userinfo.email"]
[debug] [2025-12-29T23:16:15.225Z] No OAuth tokens found
[debug] [2025-12-29T23:16:15.226Z] No OAuth tokens found
[debug] [2025-12-29T23:16:15.228Z] > command requires scopes: ["email","openid","https://www.googleapis.com/auth/cloudplatformprojects.readonly","https://www.googleapis.com/auth/firebase","https://www.googleapis.com/auth/cloud-platform","https://www.googleapis.com/auth/userinfo.email"]
[debug] [2025-12-29T23:16:15.229Z] No OAuth tokens found
[debug] [2025-12-29T23:16:15.230Z] No OAuth tokens found
[debug] [2025-12-29T23:16:15.231Z] > command requires scopes: ["email","openid","https://www.googleapis.com/auth/cloudplatformprojects.readonly","https://www.googleapis.com/auth/firebase","https://www.googleapis.com/auth/cloud-platform","https://www.googleapis.com/auth/userinfo.email"]
[debug] [2025-12-29T23:16:15.231Z] No OAuth tokens found
[debug] [2025-12-29T23:16:15.232Z] No OAuth tokens found
[debug] [2025-12-29T23:16:15.232Z] > command requires scopes: ["email","openid","https://www.googleapis.com/auth/cloudplatformprojects.readonly","https://www.googleapis.com/auth/firebase","https://www.googleapis.com/auth/cloud-platform","https://www.googleapis.com/auth/userinfo.email"]
[error] Failed to fetch Firebase Project from Studio Workspace because WORKSPACE_SLUG environment variable is empty
[error] Failed to fetch Firebase Project from Studio Workspace because WORKSPACE_SLUG environment variable is empty
[error] Failed to fetch Firebase Project from Studio Workspace because WORKSPACE_SLUG environment variable is empty
[error] Failed to fetch Firebase Project from Studio Workspace because WORKSPACE_SLUG environment variable is empty
[debug] [2025-12-29T23:20:20.115Z] > command requires scopes: ["email","openid","https://www.googleapis.com/auth/cloudplatformprojects.readonly","https://www.googleapis.com/auth/firebase","https://www.googleapis.com/auth/cloud-platform","https://www.googleapis.com/auth/userinfo.email"]
[debug] [2025-12-29T23:20:20.122Z] > command requires scopes: ["email","openid","https://www.googleapis.com/auth/cloudplatformprojects.readonly","https://www.googleapis.com/auth/firebase","https://www.googleapis.com/auth/cloud-platform","https://www.googleapis.com/auth/userinfo.email"]
[debug] [2025-12-29T23:20:28.191Z] Running auto auth
[debug] [2025-12-29T23:20:28.192Z] Running auto auth
[debug] [2025-12-29T23:20:28.232Z] No OAuth tokens found
[debug] [2025-12-29T23:20:28.236Z] >>> [apiv2][query] GET https://cloudbilling.googleapis.com/v1/projects/studio-1391357982-45c94/billingInfo [none]
[debug] [2025-12-29T23:20:28.308Z] No OAuth tokens found
[debug] [2025-12-29T23:20:28.308Z] >>> [apiv2][query] GET https://cloudbilling.googleapis.com/v1/projects/studio-1391357982-45c94/billingInfo [none]
[debug] [2025-12-29T23:20:28.429Z] <<< [apiv2][status] GET https://cloudbilling.googleapis.com/v1/projects/studio-1391357982-45c94/billingInfo 200
[debug] [2025-12-29T23:20:28.431Z] <<< [apiv2][body] GET https://cloudbilling.googleapis.com/v1/projects/studio-1391357982-45c94/billingInfo {"name":"projects/studio-1391357982-45c94/billingInfo","projectId":"studio-1391357982-45c94","billingAccountName":"","billingEnabled":false}
[debug] [2025-12-29T23:20:28.446Z] No OAuth tokens found
[debug] [2025-12-29T23:20:28.447Z] No OAuth tokens found
[debug] [2025-12-29T23:20:28.447Z] No OAuth tokens found
[debug] [2025-12-29T23:20:28.448Z] No OAuth tokens found
[debug] [2025-12-29T23:20:28.449Z] No OAuth tokens found
[debug] [2025-12-29T23:20:28.449Z] No OAuth tokens found
[debug] [2025-12-29T23:20:28.449Z] No OAuth tokens found
[debug] [2025-12-29T23:20:28.472Z] No OAuth tokens found
[debug] [2025-12-29T23:20:28.472Z] No OAuth tokens found
[debug] [2025-12-29T23:20:28.473Z] >>> [apiv2][query] GET https://serviceusage.googleapis.com/v1/projects/studio-1391357982-45c94/services/firestore.googleapis.com [none]
[debug] [2025-12-29T23:20:28.473Z] >>> [apiv2][(partial)header] GET https://serviceusage.googleapis.com/v1/projects/studio-1391357982-45c94/services/firestore.googleapis.com x-goog-quota-user=projects/studio-1391357982-45c94
[debug] [2025-12-29T23:20:28.475Z] >>> [apiv2][query] GET https://serviceusage.googleapis.com/v1/projects/studio-1391357982-45c94/services/storage.googleapis.com [none]
[debug] [2025-12-29T23:20:28.475Z] >>> [apiv2][(partial)header] GET https://serviceusage.googleapis.com/v1/projects/studio-1391357982-45c94/services/storage.googleapis.com x-goog-quota-user=projects/studio-1391357982-45c94
[debug] [2025-12-29T23:20:28.478Z] >>> [apiv2][query] GET https://serviceusage.googleapis.com/v1/projects/studio-1391357982-45c94/services/firebasedataconnect.googleapis.com [none]
[debug] [2025-12-29T23:20:28.478Z] >>> [apiv2][(partial)header] GET https://serviceusage.googleapis.com/v1/projects/studio-1391357982-45c94/services/firebasedataconnect.googleapis.com x-goog-quota-user=projects/studio-1391357982-45c94
[debug] [2025-12-29T23:20:28.480Z] >>> [apiv2][query] GET https://serviceusage.googleapis.com/v1/projects/studio-1391357982-45c94/services/identitytoolkit.googleapis.com [none]
[debug] [2025-12-29T23:20:28.480Z] >>> [apiv2][(partial)header] GET https://serviceusage.googleapis.com/v1/projects/studio-1391357982-45c94/services/identitytoolkit.googleapis.com x-goog-quota-user=projects/studio-1391357982-45c94
[debug] [2025-12-29T23:20:28.484Z] >>> [apiv2][query] GET https://serviceusage.googleapis.com/v1/projects/studio-1391357982-45c94/services/fcm.googleapis.com [none]
[debug] [2025-12-29T23:20:28.484Z] >>> [apiv2][(partial)header] GET https://serviceusage.googleapis.com/v1/projects/studio-1391357982-45c94/services/fcm.googleapis.com x-goog-quota-user=projects/studio-1391357982-45c94
[debug] [2025-12-29T23:20:28.485Z] >>> [apiv2][query] GET https://serviceusage.googleapis.com/v1/projects/studio-1391357982-45c94/services/cloudfunctions.googleapis.com [none]
[debug] [2025-12-29T23:20:28.486Z] >>> [apiv2][(partial)header] GET https://serviceusage.googleapis.com/v1/projects/studio-1391357982-45c94/services/cloudfunctions.googleapis.com x-goog-quota-user=projects/studio-1391357982-45c94
[debug] [2025-12-29T23:20:28.488Z] >>> [apiv2][query] GET https://serviceusage.googleapis.com/v1/projects/studio-1391357982-45c94/services/firebaseremoteconfig.googleapis.com [none]
[debug] [2025-12-29T23:20:28.488Z] >>> [apiv2][(partial)header] GET https://serviceusage.googleapis.com/v1/projects/studio-1391357982-45c94/services/firebaseremoteconfig.googleapis.com x-goog-quota-user=projects/studio-1391357982-45c94
[debug] [2025-12-29T23:20:28.489Z] >>> [apiv2][query] GET https://serviceusage.googleapis.com/v1/projects/studio-1391357982-45c94/services/firebaseapphosting.googleapis.com [none]
[debug] [2025-12-29T23:20:28.490Z] >>> [apiv2][(partial)header] GET https://serviceusage.googleapis.com/v1/projects/studio-1391357982-45c94/services/firebaseapphosting.googleapis.com x-goog-quota-user=projects/studio-1391357982-45c94
[debug] [2025-12-29T23:20:28.491Z] >>> [apiv2][query] GET https://serviceusage.googleapis.com/v1/projects/studio-1391357982-45c94/services/firebaseio.com [none]
[debug] [2025-12-29T23:20:28.492Z] >>> [apiv2][(partial)header] GET https://serviceusage.googleapis.com/v1/projects/studio-1391357982-45c94/services/firebaseio.com x-goog-quota-user=projects/studio-1391357982-45c94
[debug] [2025-12-29T23:20:28.551Z] <<< [apiv2][status] GET https://cloudbilling.googleapis.com/v1/projects/studio-1391357982-45c94/billingInfo 200
[debug] [2025-12-29T23:20:28.551Z] <<< [apiv2][body] GET https://cloudbilling.googleapis.com/v1/projects/studio-1391357982-45c94/billingInfo {"name":"projects/studio-1391357982-45c94/billingInfo","projectId":"studio-1391357982-45c94","billingAccountName":"","billingEnabled":false}
[debug] [2025-12-29T23:20:28.553Z] No OAuth tokens found
[debug] [2025-12-29T23:20:28.553Z] No OAuth tokens found
[debug] [2025-12-29T23:20:28.554Z] No OAuth tokens found
[debug] [2025-12-29T23:20:28.554Z] No OAuth tokens found
[debug] [2025-12-29T23:20:28.554Z] No OAuth tokens found
[debug] [2025-12-29T23:20:28.555Z] No OAuth tokens found
[debug] [2025-12-29T23:20:28.555Z] No OAuth tokens found
[debug] [2025-12-29T23:20:28.567Z] No OAuth tokens found
[debug] [2025-12-29T23:20:28.567Z] No OAuth tokens found
[debug] [2025-12-29T23:20:28.568Z] >>> [apiv2][query] GET https://serviceusage.googleapis.com/v1/projects/studio-1391357982-45c94/services/firestore.googleapis.com [none]
[debug] [2025-12-29T23:20:28.568Z] >>> [apiv2][(partial)header] GET https://serviceusage.googleapis.com/v1/projects/studio-1391357982-45c94/services/firestore.googleapis.com x-goog-quota-user=projects/studio-1391357982-45c94
[debug] [2025-12-29T23:20:28.570Z] >>> [apiv2][query] GET https://serviceusage.googleapis.com/v1/projects/studio-1391357982-45c94/services/storage.googleapis.com [none]
[debug] [2025-12-29T23:20:28.571Z] >>> [apiv2][(partial)header] GET https://serviceusage.googleapis.com/v1/projects/studio-1391357982-45c94/services/storage.googleapis.com x-goog-quota-user=projects/studio-1391357982-45c94
[debug] [2025-12-29T23:20:28.573Z] >>> [apiv2][query] GET https://serviceusage.googleapis.com/v1/projects/studio-1391357982-45c94/services/firebasedataconnect.googleapis.com [none]
[debug] [2025-12-29T23:20:28.573Z] >>> [apiv2][(partial)header] GET https://serviceusage.googleapis.com/v1/projects/studio-1391357982-45c94/services/firebasedataconnect.googleapis.com x-goog-quota-user=projects/studio-1391357982-45c94
[debug] [2025-12-29T23:20:28.576Z] >>> [apiv2][query] GET https://serviceusage.googleapis.com/v1/projects/studio-1391357982-45c94/services/identitytoolkit.googleapis.com [none]
[debug] [2025-12-29T23:20:28.576Z] >>> [apiv2][(partial)header] GET https://serviceusage.googleapis.com/v1/projects/studio-1391357982-45c94/services/identitytoolkit.googleapis.com x-goog-quota-user=projects/studio-1391357982-45c94
[debug] [2025-12-29T23:20:28.578Z] >>> [apiv2][query] GET https://serviceusage.googleapis.com/v1/projects/studio-1391357982-45c94/services/fcm.googleapis.com [none]
[debug] [2025-12-29T23:20:28.578Z] >>> [apiv2][(partial)header] GET https://serviceusage.googleapis.com/v1/projects/studio-1391357982-45c94/services/fcm.googleapis.com x-goog-quota-user=projects/studio-1391357982-45c94
[debug] [2025-12-29T23:20:28.580Z] >>> [apiv2][query] GET https://serviceusage.googleapis.com/v1/projects/studio-1391357982-45c94/services/cloudfunctions.googleapis.com [none]
[debug] [2025-12-29T23:20:28.580Z] >>> [apiv2][(partial)header] GET https://serviceusage.googleapis.com/v1/projects/studio-1391357982-45c94/services/cloudfunctions.googleapis.com x-goog-quota-user=projects/studio-1391357982-45c94
[debug] [2025-12-29T23:20:28.582Z] >>> [apiv2][query] GET https://serviceusage.googleapis.com/v1/projects/studio-1391357982-45c94/services/firebaseremoteconfig.googleapis.com [none]
[debug] [2025-12-29T23:20:28.582Z] >>> [apiv2][(partial)header] GET https://serviceusage.googleapis.com/v1/projects/studio-1391357982-45c94/services/firebaseremoteconfig.googleapis.com x-goog-quota-user=projects/studio-1391357982-45c94
[debug] [2025-12-29T23:20:28.584Z] >>> [apiv2][query] GET https://serviceusage.googleapis.com/v1/projects/studio-1391357982-45c94/services/firebaseapphosting.googleapis.com [none]
[debug] [2025-12-29T23:20:28.584Z] >>> [apiv2][(partial)header] GET https://serviceusage.googleapis.com/v1/projects/studio-1391357982-45c94/services/firebaseapphosting.googleapis.com x-goog-quota-user=projects/studio-1391357982-45c94
[debug] [2025-12-29T23:20:28.585Z] >>> [apiv2][query] GET https://serviceusage.googleapis.com/v1/projects/studio-1391357982-45c94/services/firebaseio.com [none]
[debug] [2025-12-29T23:20:28.585Z] >>> [apiv2][(partial)header] GET https://serviceusage.googleapis.com/v1/projects/studio-1391357982-45c94/services/firebaseio.com x-goog-quota-user=projects/studio-1391357982-45c94
[debug] [2025-12-29T23:20:28.678Z] <<< [apiv2][status] GET https://serviceusage.googleapis.com/v1/projects/studio-1391357982-45c94/services/firebaseio.com 403
[debug] [2025-12-29T23:20:28.679Z] <<< [apiv2][body] GET https://serviceusage.googleapis.com/v1/projects/studio-1391357982-45c94/services/firebaseio.com [omitted]
[debug] [2025-12-29T23:20:28.764Z] <<< [apiv2][status] GET https://serviceusage.googleapis.com/v1/projects/studio-1391357982-45c94/services/fcm.googleapis.com 200
[debug] [2025-12-29T23:20:28.765Z] <<< [apiv2][body] GET https://serviceusage.googleapis.com/v1/projects/studio-1391357982-45c94/services/fcm.googleapis.com [omitted]
[debug] [2025-12-29T23:20:28.782Z] <<< [apiv2][status] GET https://serviceusage.googleapis.com/v1/projects/studio-1391357982-45c94/services/firebaseio.com 403
[debug] [2025-12-29T23:20:28.782Z] <<< [apiv2][body] GET https://serviceusage.googleapis.com/v1/projects/studio-1391357982-45c94/services/firebaseio.com [omitted]
[debug] [2025-12-29T23:20:28.812Z] <<< [apiv2][status] GET https://serviceusage.googleapis.com/v1/projects/studio-1391357982-45c94/services/storage.googleapis.com 200
[debug] [2025-12-29T23:20:28.813Z] <<< [apiv2][body] GET https://serviceusage.googleapis.com/v1/projects/studio-1391357982-45c94/services/storage.googleapis.com [omitted]
[debug] [2025-12-29T23:20:28.828Z] <<< [apiv2][status] GET https://serviceusage.googleapis.com/v1/projects/studio-1391357982-45c94/services/firebaseremoteconfig.googleapis.com 200
[debug] [2025-12-29T23:20:28.831Z] <<< [apiv2][body] GET https://serviceusage.googleapis.com/v1/projects/studio-1391357982-45c94/services/firebaseremoteconfig.googleapis.com [omitted]
[debug] [2025-12-29T23:20:28.841Z] <<< [apiv2][status] GET https://serviceusage.googleapis.com/v1/projects/studio-1391357982-45c94/services/firebaseapphosting.googleapis.com 200
[debug] [2025-12-29T23:20:28.841Z] <<< [apiv2][body] GET https://serviceusage.googleapis.com/v1/projects/studio-1391357982-45c94/services/firebaseapphosting.googleapis.com [omitted]
[debug] [2025-12-29T23:20:28.852Z] <<< [apiv2][status] GET https://serviceusage.googleapis.com/v1/projects/studio-1391357982-45c94/services/firebasedataconnect.googleapis.com 200
[debug] [2025-12-29T23:20:28.852Z] <<< [apiv2][body] GET https://serviceusage.googleapis.com/v1/projects/studio-1391357982-45c94/services/firebasedataconnect.googleapis.com [omitted]
[debug] [2025-12-29T23:20:28.856Z] <<< [apiv2][status] GET https://serviceusage.googleapis.com/v1/projects/studio-1391357982-45c94/services/firestore.googleapis.com 200
[debug] [2025-12-29T23:20:28.857Z] <<< [apiv2][body] GET https://serviceusage.googleapis.com/v1/projects/studio-1391357982-45c94/services/firestore.googleapis.com [omitted]
[debug] [2025-12-29T23:20:28.867Z] <<< [apiv2][status] GET https://serviceusage.googleapis.com/v1/projects/studio-1391357982-45c94/services/firebasedataconnect.googleapis.com 200
[debug] [2025-12-29T23:20:28.868Z] <<< [apiv2][body] GET https://serviceusage.googleapis.com/v1/projects/studio-1391357982-45c94/services/firebasedataconnect.googleapis.com [omitted]
[debug] [2025-12-29T23:20:28.890Z] <<< [apiv2][status] GET https://serviceusage.googleapis.com/v1/projects/studio-1391357982-45c94/services/identitytoolkit.googleapis.com 200
[debug] [2025-12-29T23:20:28.890Z] <<< [apiv2][body] GET https://serviceusage.googleapis.com/v1/projects/studio-1391357982-45c94/services/identitytoolkit.googleapis.com [omitted]
[debug] [2025-12-29T23:20:28.905Z] <<< [apiv2][status] GET https://serviceusage.googleapis.com/v1/projects/studio-1391357982-45c94/services/cloudfunctions.googleapis.com 200
[debug] [2025-12-29T23:20:28.905Z] <<< [apiv2][body] GET https://serviceusage.googleapis.com/v1/projects/studio-1391357982-45c94/services/cloudfunctions.googleapis.com [omitted]
[debug] [2025-12-29T23:20:28.906Z] <<< [apiv2][status] GET https://serviceusage.googleapis.com/v1/projects/studio-1391357982-45c94/services/firebaseapphosting.googleapis.com 200
[debug] [2025-12-29T23:20:28.906Z] <<< [apiv2][body] GET https://serviceusage.googleapis.com/v1/projects/studio-1391357982-45c94/services/firebaseapphosting.googleapis.com [omitted]
[debug] [2025-12-29T23:20:28.914Z] <<< [apiv2][status] GET https://serviceusage.googleapis.com/v1/projects/studio-1391357982-45c94/services/identitytoolkit.googleapis.com 200
[debug] [2025-12-29T23:20:28.915Z] <<< [apiv2][body] GET https://serviceusage.googleapis.com/v1/projects/studio-1391357982-45c94/services/identitytoolkit.googleapis.com [omitted]
[debug] [2025-12-29T23:20:28.926Z] <<< [apiv2][status] GET https://serviceusage.googleapis.com/v1/projects/studio-1391357982-45c94/services/storage.googleapis.com 200
[debug] [2025-12-29T23:20:28.928Z] <<< [apiv2][body] GET https://serviceusage.googleapis.com/v1/projects/studio-1391357982-45c94/services/storage.googleapis.com [omitted]
[debug] [2025-12-29T23:20:28.939Z] <<< [apiv2][status] GET https://serviceusage.googleapis.com/v1/projects/studio-1391357982-45c94/services/fcm.googleapis.com 200
[debug] [2025-12-29T23:20:28.939Z] <<< [apiv2][body] GET https://serviceusage.googleapis.com/v1/projects/studio-1391357982-45c94/services/fcm.googleapis.com [omitted]
[debug] [2025-12-29T23:20:28.953Z] <<< [apiv2][status] GET https://serviceusage.googleapis.com/v1/projects/studio-1391357982-45c94/services/firestore.googleapis.com 200
[debug] [2025-12-29T23:20:28.953Z] <<< [apiv2][body] GET https://serviceusage.googleapis.com/v1/projects/studio-1391357982-45c94/services/firestore.googleapis.com [omitted]
[debug] [2025-12-29T23:20:28.973Z] <<< [apiv2][status] GET https://serviceusage.googleapis.com/v1/projects/studio-1391357982-45c94/services/cloudfunctions.googleapis.com 200
[debug] [2025-12-29T23:20:28.973Z] <<< [apiv2][body] GET https://serviceusage.googleapis.com/v1/projects/studio-1391357982-45c94/services/cloudfunctions.googleapis.com [omitted]
[debug] [2025-12-29T23:20:28.977Z] <<< [apiv2][status] GET https://serviceusage.googleapis.com/v1/projects/studio-1391357982-45c94/services/firebaseremoteconfig.googleapis.com 200
[debug] [2025-12-29T23:20:28.977Z] <<< [apiv2][body] GET https://serviceusage.googleapis.com/v1/projects/studio-1391357982-45c94/services/firebaseremoteconfig.googleapis.com [omitted]
[error] Failed to fetch Firebase Project from Studio Workspace because WORKSPACE_SLUG environment variable is empty
[error] Failed to fetch Firebase Project from Studio Workspace because WORKSPACE_SLUG environment variable is empty
[error] Failed to fetch Firebase Project from Studio Workspace because WORKSPACE_SLUG environment variable is empty
[debug] [2025-12-29T23:20:28.995Z] > command requires scopes: ["email","openid","https://www.googleapis.com/auth/cloudplatformprojects.readonly","https://www.googleapis.com/auth/firebase","https://www.googleapis.com/auth/cloud-platform","https://www.googleapis.com/auth/userinfo.email"]
[debug] [2025-12-29T23:20:28.995Z] > authorizing via signed-in user (calebliskey51@gmail.com)
[debug] [2025-12-29T23:20:28.998Z] No OAuth tokens found
[debug] [2025-12-29T23:20:28.999Z] >>> [apiv2][query] GET https://cloudbilling.googleapis.com/v1/projects/studio-1391357982-45c94/billingInfo [none]
[debug] [2025-12-29T23:20:29.151Z] <<< [apiv2][status] GET https://cloudbilling.googleapis.com/v1/projects/studio-1391357982-45c94/billingInfo 200
[debug] [2025-12-29T23:20:29.152Z] <<< [apiv2][body] GET https://cloudbilling.googleapis.com/v1/projects/studio-1391357982-45c94/billingInfo {"name":"projects/studio-1391357982-45c94/billingInfo","projectId":"studio-1391357982-45c94","billingAccountName":"","billingEnabled":false}
[error] Failed to fetch Firebase Project from Studio Workspace because WORKSPACE_SLUG environment variable is empty
[debug] [2025-12-29T23:20:29.154Z] > command requires scopes: ["email","openid","https://www.googleapis.com/auth/cloudplatformprojects.readonly","https://www.googleapis.com/auth/firebase","https://www.googleapis.com/auth/cloud-platform","https://www.googleapis.com/auth/userinfo.email"]
[debug] [2025-12-29T23:20:29.154Z] > authorizing via signed-in user (calebliskey51@gmail.com)
[error] Failed to fetch Firebase Project from Studio Workspace because WORKSPACE_SLUG environment variable is empty
[error] Failed to fetch Firebase Project from Studio Workspace because WORKSPACE_SLUG environment variable is empty
[error] Failed to fetch Firebase Project from Studio Workspace because WORKSPACE_SLUG environment variable is empty
[debug] [2025-12-29T23:20:29.187Z] > command requires scopes: ["email","openid","https://www.googleapis.com/auth/cloudplatformprojects.readonly","https://www.googleapis.com/auth/firebase","https://www.googleapis.com/auth/cloud-platform","https://www.googleapis.com/auth/userinfo.email"]
[debug] [2025-12-29T23:20:29.187Z] > authorizing via signed-in user (calebliskey51@gmail.com)
[debug] [2025-12-29T23:20:29.188Z] No OAuth tokens found
[debug] [2025-12-29T23:20:29.190Z] >>> [apiv2][query] GET https://cloudbilling.googleapis.com/v1/projects/studio-1391357982-45c94/billingInfo [none]
[error] Failed to fetch Firebase Project from Studio Workspace because WORKSPACE_SLUG environment variable is empty
[error] Failed to fetch Firebase Project from Studio Workspace because WORKSPACE_SLUG environment variable is empty
[error] Failed to fetch Firebase Project from Studio Workspace because WORKSPACE_SLUG environment variable is empty
[debug] [2025-12-29T23:20:29.204Z] > command requires scopes: ["email","openid","https://www.googleapis.com/auth/cloudplatformprojects.readonly","https://www.googleapis.com/auth/firebase","https://www.googleapis.com/auth/cloud-platform","https://www.googleapis.com/auth/userinfo.email"]
[debug] [2025-12-29T23:20:29.205Z] > authorizing via signed-in user (calebliskey51@gmail.com)
[debug] [2025-12-29T23:20:29.205Z] No OAuth tokens found
[debug] [2025-12-29T23:20:29.205Z] >>> [apiv2][query] GET https://cloudbilling.googleapis.com/v1/projects/studio-1391357982-45c94/billingInfo [none]
[debug] [2025-12-29T23:20:29.318Z] <<< [apiv2][status] GET https://cloudbilling.googleapis.com/v1/projects/studio-1391357982-45c94/billingInfo 200
[debug] [2025-12-29T23:20:29.318Z] <<< [apiv2][body] GET https://cloudbilling.googleapis.com/v1/projects/studio-1391357982-45c94/billingInfo {"name":"projects/studio-1391357982-45c94/billingInfo","projectId":"studio-1391357982-45c94","billingAccountName":"","billingEnabled":false}
[error] Failed to fetch Firebase Project from Studio Workspace because WORKSPACE_SLUG environment variable is empty
[debug] [2025-12-29T23:20:29.321Z] > command requires scopes: ["email","openid","https://www.googleapis.com/auth/cloudplatformprojects.readonly","https://www.googleapis.com/auth/firebase","https://www.googleapis.com/auth/cloud-platform","https://www.googleapis.com/auth/userinfo.email"]
[debug] [2025-12-29T23:20:29.321Z] > authorizing via signed-in user (calebliskey51@gmail.com)
[debug] [2025-12-29T23:20:29.340Z] <<< [apiv2][status] GET https://cloudbilling.googleapis.com/v1/projects/studio-1391357982-45c94/billingInfo 200
[debug] [2025-12-29T23:20:29.343Z] <<< [apiv2][body] GET https://cloudbilling.googleapis.com/v1/projects/studio-1391357982-45c94/billingInfo {"name":"projects/studio-1391357982-45c94/billingInfo","projectId":"studio-1391357982-45c94","billingAccountName":"","billingEnabled":false}
[error] Failed to fetch Firebase Project from Studio Workspace because WORKSPACE_SLUG environment variable is empty
[debug] [2025-12-29T23:20:29.345Z] > command requires scopes: ["email","openid","https://www.googleapis.com/auth/cloudplatformprojects.readonly","https://www.googleapis.com/auth/firebase","https://www.googleapis.com/auth/cloud-platform","https://www.googleapis.com/auth/userinfo.email"]
[debug] [2025-12-29T23:20:29.346Z] > authorizing via signed-in user (calebliskey51@gmail.com)
